[debug] [2019-10-21T01:06:15.078Z] ----------------------------------------------------------------------
[debug] [2019-10-21T01:06:15.081Z] Command:       /usr/local/bin/node /usr/local/bin/firebase serve --only functions
[debug] [2019-10-21T01:06:15.082Z] CLI Version:   7.6.1
[debug] [2019-10-21T01:06:15.082Z] Platform:      linux
[debug] [2019-10-21T01:06:15.082Z] Node Version:  v11.12.0
[debug] [2019-10-21T01:06:15.364Z] Time:          Sun Oct 20 2019 20:06:15 GMT-0500 (GMT-05:00)
[debug] [2019-10-21T01:06:15.364Z] ----------------------------------------------------------------------
[debug] [2019-10-21T01:06:15.364Z] 
[debug] [2019-10-21T01:06:15.379Z] > command requires scopes: ["email","openid","https://www.googleapis.com/auth/cloudplatformprojects.readonly","https://www.googleapis.com/auth/firebase","https://www.googleapis.com/auth/cloud-platform"]
[debug] [2019-10-21T01:06:15.379Z] > authorizing via signed-in user
[debug] [2019-10-21T01:06:15.380Z] [iam] checking project waw-webbook for permissions ["firebase.projects.get"]
[debug] [2019-10-21T01:06:15.383Z] >>> HTTP REQUEST POST https://cloudresourcemanager.googleapis.com/v1/projects/waw-webbook:testIamPermissions  

[debug] [2019-10-21T01:06:15.728Z] <<< HTTP RESPONSE 200
[debug] [2019-10-21T01:06:15.731Z] >>> HTTP REQUEST GET https://firebase.googleapis.com/v1beta1/projects/waw-webbook  
 
[debug] [2019-10-21T01:06:16.018Z] <<< HTTP RESPONSE 200
[warn] ⚠  Your requested "node" version "8" doesn't match your global version "11"
[info] ✔  functions: Emulator started at http://localhost:5000
[info] i  functions: Watching "/mnt/c/Users/rferr/Documents/Projects/waw-webbook/functions" for Cloud Functions...
[debug] [2019-10-21T01:06:16.955Z] [runtime-status] Functions runtime initialized. {"cwd":"/mnt/c/Users/rferr/Documents/Projects/waw-webbook/functions","node_version":"11.12.0"}
[debug] [2019-10-21T01:06:16.955Z] [runtime-status] Disabled runtime features: {"functions_config_helper":true,"network_filtering":true,"timeout":true,"memory_limiting":true,"admin_stubs":true} {}
[debug] [2019-10-21T01:06:16.960Z] [runtime-status] Resolved module firebase-admin {"declared":true,"installed":true,"version":"8.6.1","resolution":"/mnt/c/Users/rferr/Documents/Projects/waw-webbook/functions/node_modules/firebase-admin/lib/index.js"}
[debug] [2019-10-21T01:06:16.962Z] [runtime-status] Resolved module firebase-functions {"declared":true,"installed":true,"version":"3.3.0","resolution":"/mnt/c/Users/rferr/Documents/Projects/waw-webbook/functions/node_modules/firebase-functions/lib/index.js"}
[debug] [2019-10-21T01:06:16.963Z] [runtime-status] Resolved module firebase-functions {"declared":true,"installed":true,"version":"3.3.0","resolution":"/mnt/c/Users/rferr/Documents/Projects/waw-webbook/functions/node_modules/firebase-functions/lib/index.js"}
[info] ✔  functions[charge]: http function initialized (http://localhost:5000/waw-webbook/us-central1/charge).
[debug] [2019-10-21T01:07:09.177Z] Accepted request OPTIONS /waw-webbook/us-central1/charge --> charge
[debug] [2019-10-21T01:07:09.806Z] [runtime-status] Functions runtime initialized. {"cwd":"/mnt/c/Users/rferr/Documents/Projects/waw-webbook/functions","node_version":"11.12.0"}
[info] i  functions: Beginning execution of "charge"
[debug] [2019-10-21T01:07:09.808Z] [runtime-status] Disabled runtime features: {"functions_config_helper":true,"network_filtering":true,"timeout":true,"memory_limiting":true,"admin_stubs":true} {}
[debug] [2019-10-21T01:07:09.814Z] [runtime-status] Resolved module firebase-admin {"declared":true,"installed":true,"version":"8.6.1","resolution":"/mnt/c/Users/rferr/Documents/Projects/waw-webbook/functions/node_modules/firebase-admin/lib/index.js"}
[debug] [2019-10-21T01:07:09.817Z] [runtime-status] Resolved module firebase-functions {"declared":true,"installed":true,"version":"3.3.0","resolution":"/mnt/c/Users/rferr/Documents/Projects/waw-webbook/functions/node_modules/firebase-functions/lib/index.js"}
[debug] [2019-10-21T01:07:09.819Z] [runtime-status] Resolved module firebase-functions {"declared":true,"installed":true,"version":"3.3.0","resolution":"/mnt/c/Users/rferr/Documents/Projects/waw-webbook/functions/node_modules/firebase-functions/lib/index.js"}
[debug] [2019-10-21T01:07:10.074Z] [runtime-status] Trigger "charge" has been found, beginning invocation! {}
[debug] [2019-10-21T01:07:10.074Z] [runtime-status]  {"httpsTrigger":{},"name":"charge","entryPoint":"charge"}
[debug] [2019-10-21T01:07:10.074Z] [runtime-status] Running charge in mode HTTPS {}
[debug] [2019-10-21T01:07:10.082Z] {"socketPath":"/tmp/firebase_emulator_invocation_551.sock"}
[debug] [2019-10-21T01:07:10.086Z] [functions] Runtime ready! Sending request! {"socketPath":"/tmp/firebase_emulator_invocation_551.sock"}
[debug] [2019-10-21T01:07:10.096Z] [runtime-status] Ephemeral server used! {}
[debug] [2019-10-21T01:07:10.105Z] [runtime-status] Ephemeral server survived. {}
[debug] [2019-10-21T01:07:10.107Z] Accepted request POST /waw-webbook/us-central1/charge --> charge
[info] i  functions: Finished "charge" in ~1s
[debug] [2019-10-21T01:07:10.760Z] [runtime-status] Functions runtime initialized. {"cwd":"/mnt/c/Users/rferr/Documents/Projects/waw-webbook/functions","node_version":"11.12.0"}
[info] i  functions: Beginning execution of "charge"
[debug] [2019-10-21T01:07:10.762Z] [runtime-status] Disabled runtime features: {"functions_config_helper":true,"network_filtering":true,"timeout":true,"memory_limiting":true,"admin_stubs":true} {}
[debug] [2019-10-21T01:07:10.768Z] [runtime-status] Resolved module firebase-admin {"declared":true,"installed":true,"version":"8.6.1","resolution":"/mnt/c/Users/rferr/Documents/Projects/waw-webbook/functions/node_modules/firebase-admin/lib/index.js"}
[debug] [2019-10-21T01:07:10.770Z] [runtime-status] Resolved module firebase-functions {"declared":true,"installed":true,"version":"3.3.0","resolution":"/mnt/c/Users/rferr/Documents/Projects/waw-webbook/functions/node_modules/firebase-functions/lib/index.js"}
[debug] [2019-10-21T01:07:10.771Z] [runtime-status] Resolved module firebase-functions {"declared":true,"installed":true,"version":"3.3.0","resolution":"/mnt/c/Users/rferr/Documents/Projects/waw-webbook/functions/node_modules/firebase-functions/lib/index.js"}
[debug] [2019-10-21T01:07:11.013Z] [runtime-status] Trigger "charge" has been found, beginning invocation! {}
[debug] [2019-10-21T01:07:11.013Z] [runtime-status]  {"httpsTrigger":{},"name":"charge","entryPoint":"charge"}
[debug] [2019-10-21T01:07:11.013Z] [runtime-status] Running charge in mode HTTPS {}
[debug] [2019-10-21T01:07:11.020Z] {"socketPath":"/tmp/firebase_emulator_invocation_558.sock"}
[debug] [2019-10-21T01:07:11.022Z] [functions] Runtime ready! Sending request! {"socketPath":"/tmp/firebase_emulator_invocation_558.sock"}
[debug] [2019-10-21T01:07:11.045Z] [runtime-status] Ephemeral server used! {}
[info] >  charge request:  [object Object]
[debug] [2019-10-21T01:07:11.066Z] [runtime-status] Ephemeral server survived. {}
[info] >  app post:  { id: 'ch_1FVpMcHmFfxaQMN9ESEVNp4M',
[info] >    object: 'charge',
[info] >    amount: 500,
[info] >    amount_refunded: 0,
[info] >    application: null,
[info] >    application_fee: null,
[info] >    application_fee_amount: null,
[info] >    balance_transaction: 'txn_1FVpMcHmFfxaQMN9F036GoXx',
[info] >    billing_details:
[info] >     { address:
[info] >        { city: 'Charlotte',
[info] >          country: null,
[info] >          line1: '9327 Otter Creek Drive',
[info] >          line2: 'Apt E',
[info] >          postal_code: '42424',
[info] >          state: 'NC' },
[info] >       email: null,
[info] >       name: 'C',
[info] >       phone: null },
[info] >    captured: true,
[info] >    created: 1571620034,
[info] >    currency: 'usd',
[info] >    customer: null,
[info] >    description: 'A test charge',
[info] >    destination: null,
[info] >    dispute: null,
[info] >    failure_code: null,
[info] >    failure_message: null,
[info] >    fraud_details: {},
[info] >    invoice: null,
[info] >    livemode: false,
[info] >    metadata: {},
[info] >    on_behalf_of: null,
[info] >    order: null,
[info] >    outcome:
[info] >     { network_status: 'approved_by_network',
[info] >       reason: null,
[info] >       risk_level: 'normal',
[info] >       risk_score: 57,
[info] >       seller_message: 'Payment complete.',
[info] >       type: 'authorized' },
[info] >    paid: true,
[info] >    payment_intent: null,
[info] >    payment_method: 'card_1FVpMZHmFfxaQMN9mn28iqLr',
[info] >    payment_method_details:
[info] >     { card:
[info] >        { brand: 'visa',
[info] >          checks: [Object],
[info] >          country: 'US',
[info] >          exp_month: 4,
[info] >          exp_year: 2024,
[info] >          fingerprint: 'Dit7jOPnf4HLlJFN',
[info] >          funding: 'credit',
[info] >          installments: null,
[info] >          last4: '4242',
[info] >          network: 'visa',
[info] >          three_d_secure: null,
[info] >          wallet: null },
[info] >       type: 'card' },
[info] >    receipt_email: null,
[info] >    receipt_number: null,
[info] >    receipt_url:
[info] >     'https://pay.stripe.com/receipts/acct_1EI1muHmFfxaQMN9/ch_1FVpMcHmFfxaQMN9ESEVNp4M/rcpt_G1t81fcyBNJlbnZKyahphsPLPMnNznG',
[info] >    refunded: false,
[info] >    refunds:
[info] >     { object: 'list',
[info] >       data: [],
[info] >       has_more: false,
[info] >       total_count: 0,
[info] >       url: '/v1/charges/ch_1FVpMcHmFfxaQMN9ESEVNp4M/refunds' },
[info] >    review: null,
[info] >    shipping: null,
[info] >    source:
[info] >     { id: 'card_1FVpMZHmFfxaQMN9mn28iqLr',
[info] >       object: 'card',
[info] >       address_city: 'Charlotte',
[info] >       address_country: null,
[info] >       address_line1: '9327 Otter Creek Drive',
[info] >       address_line1_check: 'pass',
[info] >       address_line2: 'Apt E',
[info] >       address_state: 'NC',
[info] >       address_zip: '42424',
[info] >       address_zip_check: 'pass',
[info] >       brand: 'Visa',
[info] >       country: 'US',
[info] >       customer: null,
[info] >       cvc_check: 'pass',
[info] >       dynamic_last4: null,
[info] >       exp_month: 4,
[info] >       exp_year: 2024,
[info] >       fingerprint: 'Dit7jOPnf4HLlJFN',
[info] >       funding: 'credit',
[info] >       last4: '4242',
[info] >       metadata: {},
[info] >       name: 'C',
[info] >       tokenization_method: null },
[info] >    source_transfer: null,
[info] >    statement_descriptor: null,
[info] >    statement_descriptor_suffix: null,
[info] >    status: 'succeeded',
[info] >    transfer_data: null,
[info] >    transfer_group: null }
[info] i  functions: Finished "charge" in ~1s
[debug] [2019-10-21T01:21:03.071Z] Accepted request OPTIONS /waw-webbook/us-central1/charge --> charge
[debug] [2019-10-21T01:21:03.731Z] [runtime-status] Functions runtime initialized. {"cwd":"/mnt/c/Users/rferr/Documents/Projects/waw-webbook/functions","node_version":"11.12.0"}
[info] i  functions: Beginning execution of "charge"
[debug] [2019-10-21T01:21:03.732Z] [runtime-status] Disabled runtime features: {"functions_config_helper":true,"network_filtering":true,"timeout":true,"memory_limiting":true,"admin_stubs":true} {}
[debug] [2019-10-21T01:21:03.737Z] [runtime-status] Resolved module firebase-admin {"declared":true,"installed":true,"version":"8.6.1","resolution":"/mnt/c/Users/rferr/Documents/Projects/waw-webbook/functions/node_modules/firebase-admin/lib/index.js"}
[debug] [2019-10-21T01:21:03.739Z] [runtime-status] Resolved module firebase-functions {"declared":true,"installed":true,"version":"3.3.0","resolution":"/mnt/c/Users/rferr/Documents/Projects/waw-webbook/functions/node_modules/firebase-functions/lib/index.js"}
[debug] [2019-10-21T01:21:03.740Z] [runtime-status] Resolved module firebase-functions {"declared":true,"installed":true,"version":"3.3.0","resolution":"/mnt/c/Users/rferr/Documents/Projects/waw-webbook/functions/node_modules/firebase-functions/lib/index.js"}
[debug] [2019-10-21T01:21:03.980Z] [runtime-status] Trigger "charge" has been found, beginning invocation! {}
[debug] [2019-10-21T01:21:03.980Z] [runtime-status]  {"httpsTrigger":{},"name":"charge","entryPoint":"charge"}
[debug] [2019-10-21T01:21:03.980Z] [runtime-status] Running charge in mode HTTPS {}
[debug] [2019-10-21T01:21:03.987Z] {"socketPath":"/tmp/firebase_emulator_invocation_571.sock"}
[debug] [2019-10-21T01:21:03.988Z] [functions] Runtime ready! Sending request! {"socketPath":"/tmp/firebase_emulator_invocation_571.sock"}
[debug] [2019-10-21T01:21:03.999Z] [runtime-status] Ephemeral server used! {}
[debug] [2019-10-21T01:21:04.008Z] Accepted request POST /waw-webbook/us-central1/charge --> charge
[debug] [2019-10-21T01:21:04.026Z] [runtime-status] Ephemeral server survived. {}
[info] i  functions: Finished "charge" in ~1s
[debug] [2019-10-21T01:21:04.662Z] [runtime-status] Functions runtime initialized. {"cwd":"/mnt/c/Users/rferr/Documents/Projects/waw-webbook/functions","node_version":"11.12.0"}
[info] i  functions: Beginning execution of "charge"
[debug] [2019-10-21T01:21:04.663Z] [runtime-status] Disabled runtime features: {"functions_config_helper":true,"network_filtering":true,"timeout":true,"memory_limiting":true,"admin_stubs":true} {}
[debug] [2019-10-21T01:21:04.667Z] [runtime-status] Resolved module firebase-admin {"declared":true,"installed":true,"version":"8.6.1","resolution":"/mnt/c/Users/rferr/Documents/Projects/waw-webbook/functions/node_modules/firebase-admin/lib/index.js"}
[debug] [2019-10-21T01:21:04.669Z] [runtime-status] Resolved module firebase-functions {"declared":true,"installed":true,"version":"3.3.0","resolution":"/mnt/c/Users/rferr/Documents/Projects/waw-webbook/functions/node_modules/firebase-functions/lib/index.js"}
[debug] [2019-10-21T01:21:04.670Z] [runtime-status] Resolved module firebase-functions {"declared":true,"installed":true,"version":"3.3.0","resolution":"/mnt/c/Users/rferr/Documents/Projects/waw-webbook/functions/node_modules/firebase-functions/lib/index.js"}
[debug] [2019-10-21T01:21:04.901Z] [runtime-status] Trigger "charge" has been found, beginning invocation! {}
[debug] [2019-10-21T01:21:04.901Z] [runtime-status]  {"httpsTrigger":{},"name":"charge","entryPoint":"charge"}
[debug] [2019-10-21T01:21:04.902Z] [runtime-status] Running charge in mode HTTPS {}
[debug] [2019-10-21T01:21:04.910Z] {"socketPath":"/tmp/firebase_emulator_invocation_578.sock"}
[debug] [2019-10-21T01:21:04.911Z] [functions] Runtime ready! Sending request! {"socketPath":"/tmp/firebase_emulator_invocation_578.sock"}
[debug] [2019-10-21T01:21:04.933Z] [runtime-status] Ephemeral server used! {}
[info] >  charge request:  [object Object]
[debug] [2019-10-21T01:21:04.953Z] [runtime-status] Ephemeral server survived. {}
[info] >  app post:  { id: 'ch_1FVpa4HmFfxaQMN9ryAxvfGx',
[info] >    object: 'charge',
[info] >    amount: 500,
[info] >    amount_refunded: 0,
[info] >    application: null,
[info] >    application_fee: null,
[info] >    application_fee_amount: null,
[info] >    balance_transaction: 'txn_1FVpa4HmFfxaQMN9kVeAP7S2',
[info] >    billing_details:
[info] >     { address:
[info] >        { city: 'RALEIGH',
[info] >          country: null,
[info] >          line1: '7312 FOX BLUFF COURT',
[info] >          line2: '',
[info] >          postal_code: '42424',
[info] >          state: 'NC' },
[info] >       email: null,
[info] >       name: 'Raymond Cameron Ferrell',
[info] >       phone: null },
[info] >    captured: true,
[info] >    created: 1571620868,
[info] >    currency: 'usd',
[info] >    customer: null,
[info] >    description: 'A test charge',
[info] >    destination: null,
[info] >    dispute: null,
[info] >    failure_code: null,
[info] >    failure_message: null,
[info] >    fraud_details: {},
[info] >    invoice: null,
[info] >    livemode: false,
[info] >    metadata: {},
[info] >    on_behalf_of: null,
[info] >    order: null,
[info] >    outcome:
[info] >     { network_status: 'approved_by_network',
[info] >       reason: null,
[info] >       risk_level: 'normal',
[info] >       risk_score: 28,
[info] >       seller_message: 'Payment complete.',
[info] >       type: 'authorized' },
[info] >    paid: true,
[info] >    payment_intent: null,
[info] >    payment_method: 'card_1FVpa1HmFfxaQMN9GAv6sApV',
[info] >    payment_method_details:
[info] >     { card:
[info] >        { brand: 'visa',
[info] >          checks: [Object],
[info] >          country: 'US',
[info] >          exp_month: 4,
[info] >          exp_year: 2024,
[info] >          fingerprint: 'Dit7jOPnf4HLlJFN',
[info] >          funding: 'credit',
[info] >          installments: null,
[info] >          last4: '4242',
[info] >          network: 'visa',
[info] >          three_d_secure: null,
[info] >          wallet: null },
[info] >       type: 'card' },
[info] >    receipt_email: null,
[info] >    receipt_number: null,
[info] >    receipt_url:
[info] >     'https://pay.stripe.com/receipts/acct_1EI1muHmFfxaQMN9/ch_1FVpa4HmFfxaQMN9ryAxvfGx/rcpt_G1tMpufUAbiAWXymtZ5KuWCdcoKVpR9',
[info] >    refunded: false,
[info] >    refunds:
[info] >     { object: 'list',
[info] >       data: [],
[info] >       has_more: false,
[info] >       total_count: 0,
[info] >       url: '/v1/charges/ch_1FVpa4HmFfxaQMN9ryAxvfGx/refunds' },
[info] >    review: null,
[info] >    shipping: null,
[info] >    source:
[info] >     { id: 'card_1FVpa1HmFfxaQMN9GAv6sApV',
[info] >       object: 'card',
[info] >       address_city: 'RALEIGH',
[info] >       address_country: null,
[info] >       address_line1: '7312 FOX BLUFF COURT',
[info] >       address_line1_check: 'pass',
[info] >       address_line2: '',
[info] >       address_state: 'NC',
[info] >       address_zip: '42424',
[info] >       address_zip_check: 'pass',
[info] >       brand: 'Visa',
[info] >       country: 'US',
[info] >       customer: null,
[info] >       cvc_check: 'pass',
[info] >       dynamic_last4: null,
[info] >       exp_month: 4,
[info] >       exp_year: 2024,
[info] >       fingerprint: 'Dit7jOPnf4HLlJFN',
[info] >       funding: 'credit',
[info] >       last4: '4242',
[info] >       metadata: {},
[info] >       name: 'Raymond Cameron Ferrell',
[info] >       tokenization_method: null },
[info] >    source_transfer: null,
[info] >    statement_descriptor: null,
[info] >    statement_descriptor_suffix: null,
[info] >    status: 'succeeded',
[info] >    transfer_data: null,
[info] >    transfer_group: null }
[info] i  functions: Finished "charge" in ~1s
[debug] [2019-10-21T01:28:55.346Z] Accepted request OPTIONS /waw-webbook/us-central1/charge --> charge
[debug] [2019-10-21T01:28:55.986Z] [runtime-status] Functions runtime initialized. {"cwd":"/mnt/c/Users/rferr/Documents/Projects/waw-webbook/functions","node_version":"11.12.0"}
[info] i  functions: Beginning execution of "charge"
[debug] [2019-10-21T01:28:55.988Z] [runtime-status] Disabled runtime features: {"functions_config_helper":true,"network_filtering":true,"timeout":true,"memory_limiting":true,"admin_stubs":true} {}
[debug] [2019-10-21T01:28:55.995Z] [runtime-status] Resolved module firebase-admin {"declared":true,"installed":true,"version":"8.6.1","resolution":"/mnt/c/Users/rferr/Documents/Projects/waw-webbook/functions/node_modules/firebase-admin/lib/index.js"}
[debug] [2019-10-21T01:28:55.997Z] [runtime-status] Resolved module firebase-functions {"declared":true,"installed":true,"version":"3.3.0","resolution":"/mnt/c/Users/rferr/Documents/Projects/waw-webbook/functions/node_modules/firebase-functions/lib/index.js"}
[debug] [2019-10-21T01:28:55.998Z] [runtime-status] Resolved module firebase-functions {"declared":true,"installed":true,"version":"3.3.0","resolution":"/mnt/c/Users/rferr/Documents/Projects/waw-webbook/functions/node_modules/firebase-functions/lib/index.js"}
[debug] [2019-10-21T01:28:56.258Z] [runtime-status] Trigger "charge" has been found, beginning invocation! {}
[debug] [2019-10-21T01:28:56.258Z] [runtime-status]  {"httpsTrigger":{},"name":"charge","entryPoint":"charge"}
[debug] [2019-10-21T01:28:56.258Z] [runtime-status] Running charge in mode HTTPS {}
[debug] [2019-10-21T01:28:56.267Z] {"socketPath":"/tmp/firebase_emulator_invocation_591.sock"}
[debug] [2019-10-21T01:28:56.269Z] [functions] Runtime ready! Sending request! {"socketPath":"/tmp/firebase_emulator_invocation_591.sock"}
[debug] [2019-10-21T01:28:56.277Z] [runtime-status] Ephemeral server used! {}
[debug] [2019-10-21T01:28:56.287Z] Accepted request POST /waw-webbook/us-central1/charge --> charge
[debug] [2019-10-21T01:28:56.303Z] [runtime-status] Ephemeral server survived. {}
[info] i  functions: Finished "charge" in ~1s
[debug] [2019-10-21T01:28:56.962Z] [runtime-status] Functions runtime initialized. {"cwd":"/mnt/c/Users/rferr/Documents/Projects/waw-webbook/functions","node_version":"11.12.0"}
[info] i  functions: Beginning execution of "charge"
[debug] [2019-10-21T01:28:56.964Z] [runtime-status] Disabled runtime features: {"functions_config_helper":true,"network_filtering":true,"timeout":true,"memory_limiting":true,"admin_stubs":true} {}
[debug] [2019-10-21T01:28:56.969Z] [runtime-status] Resolved module firebase-admin {"declared":true,"installed":true,"version":"8.6.1","resolution":"/mnt/c/Users/rferr/Documents/Projects/waw-webbook/functions/node_modules/firebase-admin/lib/index.js"}
[debug] [2019-10-21T01:28:56.970Z] [runtime-status] Resolved module firebase-functions {"declared":true,"installed":true,"version":"3.3.0","resolution":"/mnt/c/Users/rferr/Documents/Projects/waw-webbook/functions/node_modules/firebase-functions/lib/index.js"}
[debug] [2019-10-21T01:28:56.971Z] [runtime-status] Resolved module firebase-functions {"declared":true,"installed":true,"version":"3.3.0","resolution":"/mnt/c/Users/rferr/Documents/Projects/waw-webbook/functions/node_modules/firebase-functions/lib/index.js"}
[debug] [2019-10-21T01:28:57.210Z] [runtime-status] Trigger "charge" has been found, beginning invocation! {}
[debug] [2019-10-21T01:28:57.211Z] [runtime-status]  {"httpsTrigger":{},"name":"charge","entryPoint":"charge"}
[debug] [2019-10-21T01:28:57.211Z] [runtime-status] Running charge in mode HTTPS {}
[debug] [2019-10-21T01:28:57.219Z] {"socketPath":"/tmp/firebase_emulator_invocation_598.sock"}
[debug] [2019-10-21T01:28:57.220Z] [functions] Runtime ready! Sending request! {"socketPath":"/tmp/firebase_emulator_invocation_598.sock"}
[debug] [2019-10-21T01:28:57.241Z] [runtime-status] Ephemeral server used! {}
[info] >  charge request:  [object Object]
[debug] [2019-10-21T01:28:57.262Z] [runtime-status] Ephemeral server survived. {}
[info] >  app post:  { id: 'ch_1FVphgHmFfxaQMN9ibFypsbl',
[info] >    object: 'charge',
[info] >    amount: 500,
[info] >    amount_refunded: 0,
[info] >    application: null,
[info] >    application_fee: null,
[info] >    application_fee_amount: null,
[info] >    balance_transaction: 'txn_1FVphgHmFfxaQMN9GCAcHYn5',
[info] >    billing_details:
[info] >     { address:
[info] >        { city: 'CHARLOTTE',
[info] >          country: null,
[info] >          line1: '9327 Otter Creek Dr',
[info] >          line2: 'Apt E',
[info] >          postal_code: '42424',
[info] >          state: 'NC' },
[info] >       email: null,
[info] >       name: 'Raymond C Ferrell',
[info] >       phone: null },
[info] >    captured: true,
[info] >    created: 1571621340,
[info] >    currency: 'usd',
[info] >    customer: null,
[info] >    description: 'A test charge',
[info] >    destination: null,
[info] >    dispute: null,
[info] >    failure_code: null,
[info] >    failure_message: null,
[info] >    fraud_details: {},
[info] >    invoice: null,
[info] >    livemode: false,
[info] >    metadata: {},
[info] >    on_behalf_of: null,
[info] >    order: null,
[info] >    outcome:
[info] >     { network_status: 'approved_by_network',
[info] >       reason: null,
[info] >       risk_level: 'normal',
[info] >       risk_score: 12,
[info] >       seller_message: 'Payment complete.',
[info] >       type: 'authorized' },
[info] >    paid: true,
[info] >    payment_intent: null,
[info] >    payment_method: 'card_1FVphdHmFfxaQMN9IUcbyimx',
[info] >    payment_method_details:
[info] >     { card:
[info] >        { brand: 'visa',
[info] >          checks: [Object],
[info] >          country: 'US',
[info] >          exp_month: 4,
[info] >          exp_year: 2024,
[info] >          fingerprint: 'Dit7jOPnf4HLlJFN',
[info] >          funding: 'credit',
[info] >          installments: null,
[info] >          last4: '4242',
[info] >          network: 'visa',
[info] >          three_d_secure: null,
[info] >          wallet: null },
[info] >       type: 'card' },
[info] >    receipt_email: null,
[info] >    receipt_number: null,
[info] >    receipt_url:
[info] >     'https://pay.stripe.com/receipts/acct_1EI1muHmFfxaQMN9/ch_1FVphgHmFfxaQMN9ibFypsbl/rcpt_G1tUJUjKdd2LWRXSZ4zppsZxqWGxax6',
[info] >    refunded: false,
[info] >    refunds:
[info] >     { object: 'list',
[info] >       data: [],
[info] >       has_more: false,
[info] >       total_count: 0,
[info] >       url: '/v1/charges/ch_1FVphgHmFfxaQMN9ibFypsbl/refunds' },
[info] >    review: null,
[info] >    shipping: null,
[info] >    source:
[info] >     { id: 'card_1FVphdHmFfxaQMN9IUcbyimx',
[info] >       object: 'card',
[info] >       address_city: 'CHARLOTTE',
[info] >       address_country: null,
[info] >       address_line1: '9327 Otter Creek Dr',
[info] >       address_line1_check: 'pass',
[info] >       address_line2: 'Apt E',
[info] >       address_state: 'NC',
[info] >       address_zip: '42424',
[info] >       address_zip_check: 'pass',
[info] >       brand: 'Visa',
[info] >       country: 'US',
[info] >       customer: null,
[info] >       cvc_check: 'pass',
[info] >       dynamic_last4: null,
[info] >       exp_month: 4,
[info] >       exp_year: 2024,
[info] >       fingerprint: 'Dit7jOPnf4HLlJFN',
[info] >       funding: 'credit',
[info] >       last4: '4242',
[info] >       metadata: {},
[info] >       name: 'Raymond C Ferrell',
[info] >       tokenization_method: null },
[info] >    source_transfer: null,
[info] >    statement_descriptor: null,
[info] >    statement_descriptor_suffix: null,
[info] >    status: 'succeeded',
[info] >    transfer_data: null,
[info] >    transfer_group: null }
[info] i  functions: Finished "charge" in ~1s
[debug] [2019-10-21T01:34:13.062Z] Accepted request OPTIONS /waw-webbook/us-central1/charge --> charge
[debug] [2019-10-21T01:34:13.730Z] [runtime-status] Functions runtime initialized. {"cwd":"/mnt/c/Users/rferr/Documents/Projects/waw-webbook/functions","node_version":"11.12.0"}
[info] i  functions: Beginning execution of "charge"
[debug] [2019-10-21T01:34:13.732Z] [runtime-status] Disabled runtime features: {"functions_config_helper":true,"network_filtering":true,"timeout":true,"memory_limiting":true,"admin_stubs":true} {}
[debug] [2019-10-21T01:34:13.736Z] [runtime-status] Resolved module firebase-admin {"declared":true,"installed":true,"version":"8.6.1","resolution":"/mnt/c/Users/rferr/Documents/Projects/waw-webbook/functions/node_modules/firebase-admin/lib/index.js"}
[debug] [2019-10-21T01:34:13.738Z] [runtime-status] Resolved module firebase-functions {"declared":true,"installed":true,"version":"3.3.0","resolution":"/mnt/c/Users/rferr/Documents/Projects/waw-webbook/functions/node_modules/firebase-functions/lib/index.js"}
[debug] [2019-10-21T01:34:13.739Z] [runtime-status] Resolved module firebase-functions {"declared":true,"installed":true,"version":"3.3.0","resolution":"/mnt/c/Users/rferr/Documents/Projects/waw-webbook/functions/node_modules/firebase-functions/lib/index.js"}
[debug] [2019-10-21T01:34:13.979Z] [runtime-status] Trigger "charge" has been found, beginning invocation! {}
[debug] [2019-10-21T01:34:13.980Z] [runtime-status]  {"httpsTrigger":{},"name":"charge","entryPoint":"charge"}
[debug] [2019-10-21T01:34:13.980Z] [runtime-status] Running charge in mode HTTPS {}
[debug] [2019-10-21T01:34:13.987Z] {"socketPath":"/tmp/firebase_emulator_invocation_611.sock"}
[debug] [2019-10-21T01:34:13.991Z] [functions] Runtime ready! Sending request! {"socketPath":"/tmp/firebase_emulator_invocation_611.sock"}
[debug] [2019-10-21T01:34:14.000Z] [runtime-status] Ephemeral server used! {}
[debug] [2019-10-21T01:34:14.011Z] Accepted request POST /waw-webbook/us-central1/charge --> charge
[debug] [2019-10-21T01:34:14.032Z] [runtime-status] Ephemeral server survived. {}
[info] i  functions: Finished "charge" in ~1s
[debug] [2019-10-21T01:34:14.675Z] [runtime-status] Functions runtime initialized. {"cwd":"/mnt/c/Users/rferr/Documents/Projects/waw-webbook/functions","node_version":"11.12.0"}
[info] i  functions: Beginning execution of "charge"
[debug] [2019-10-21T01:34:14.677Z] [runtime-status] Disabled runtime features: {"functions_config_helper":true,"network_filtering":true,"timeout":true,"memory_limiting":true,"admin_stubs":true} {}
[debug] [2019-10-21T01:34:14.682Z] [runtime-status] Resolved module firebase-admin {"declared":true,"installed":true,"version":"8.6.1","resolution":"/mnt/c/Users/rferr/Documents/Projects/waw-webbook/functions/node_modules/firebase-admin/lib/index.js"}
[debug] [2019-10-21T01:34:14.685Z] [runtime-status] Resolved module firebase-functions {"declared":true,"installed":true,"version":"3.3.0","resolution":"/mnt/c/Users/rferr/Documents/Projects/waw-webbook/functions/node_modules/firebase-functions/lib/index.js"}
[debug] [2019-10-21T01:34:14.686Z] [runtime-status] Resolved module firebase-functions {"declared":true,"installed":true,"version":"3.3.0","resolution":"/mnt/c/Users/rferr/Documents/Projects/waw-webbook/functions/node_modules/firebase-functions/lib/index.js"}
[debug] [2019-10-21T01:34:14.926Z] [runtime-status] Trigger "charge" has been found, beginning invocation! {}
[debug] [2019-10-21T01:34:14.926Z] [runtime-status]  {"httpsTrigger":{},"name":"charge","entryPoint":"charge"}
[debug] [2019-10-21T01:34:14.926Z] [runtime-status] Running charge in mode HTTPS {}
[debug] [2019-10-21T01:34:14.934Z] {"socketPath":"/tmp/firebase_emulator_invocation_618.sock"}
[debug] [2019-10-21T01:34:14.934Z] [functions] Runtime ready! Sending request! {"socketPath":"/tmp/firebase_emulator_invocation_618.sock"}
[debug] [2019-10-21T01:34:14.955Z] [runtime-status] Ephemeral server used! {}
[info] >  charge request:  [object Object]
[debug] [2019-10-21T01:34:14.976Z] [runtime-status] Ephemeral server survived. {}
[info] i  functions: Finished "charge" in ~1s
[debug] [2019-10-21T01:57:49.401Z] Accepted request OPTIONS /waw-webbook/us-central1/charge --> charge
[debug] [2019-10-21T01:57:50.032Z] [runtime-status] Functions runtime initialized. {"cwd":"/mnt/c/Users/rferr/Documents/Projects/waw-webbook/functions","node_version":"11.12.0"}
[info] i  functions: Beginning execution of "charge"
[debug] [2019-10-21T01:57:50.034Z] [runtime-status] Disabled runtime features: {"functions_config_helper":true,"network_filtering":true,"timeout":true,"memory_limiting":true,"admin_stubs":true} {}
[debug] [2019-10-21T01:57:50.038Z] [runtime-status] Resolved module firebase-admin {"declared":true,"installed":true,"version":"8.6.1","resolution":"/mnt/c/Users/rferr/Documents/Projects/waw-webbook/functions/node_modules/firebase-admin/lib/index.js"}
[debug] [2019-10-21T01:57:50.040Z] [runtime-status] Resolved module firebase-functions {"declared":true,"installed":true,"version":"3.3.0","resolution":"/mnt/c/Users/rferr/Documents/Projects/waw-webbook/functions/node_modules/firebase-functions/lib/index.js"}
[debug] [2019-10-21T01:57:50.043Z] [runtime-status] Resolved module firebase-functions {"declared":true,"installed":true,"version":"3.3.0","resolution":"/mnt/c/Users/rferr/Documents/Projects/waw-webbook/functions/node_modules/firebase-functions/lib/index.js"}
[debug] [2019-10-21T01:57:50.297Z] [runtime-status] Trigger "charge" has been found, beginning invocation! {}
[debug] [2019-10-21T01:57:50.297Z] [runtime-status]  {"httpsTrigger":{},"name":"charge","entryPoint":"charge"}
[debug] [2019-10-21T01:57:50.297Z] [runtime-status] Running charge in mode HTTPS {}
[debug] [2019-10-21T01:57:50.304Z] {"socketPath":"/tmp/firebase_emulator_invocation_631.sock"}
[debug] [2019-10-21T01:57:50.305Z] [functions] Runtime ready! Sending request! {"socketPath":"/tmp/firebase_emulator_invocation_631.sock"}
[debug] [2019-10-21T01:57:50.313Z] [runtime-status] Ephemeral server used! {}
[debug] [2019-10-21T01:57:50.323Z] Accepted request POST /waw-webbook/us-central1/charge --> charge
[debug] [2019-10-21T01:57:50.336Z] [runtime-status] Ephemeral server survived. {}
[info] i  functions: Finished "charge" in ~1s
[debug] [2019-10-21T01:57:50.957Z] [runtime-status] Functions runtime initialized. {"cwd":"/mnt/c/Users/rferr/Documents/Projects/waw-webbook/functions","node_version":"11.12.0"}
[info] i  functions: Beginning execution of "charge"
[debug] [2019-10-21T01:57:50.958Z] [runtime-status] Disabled runtime features: {"functions_config_helper":true,"network_filtering":true,"timeout":true,"memory_limiting":true,"admin_stubs":true} {}
[debug] [2019-10-21T01:57:50.964Z] [runtime-status] Resolved module firebase-admin {"declared":true,"installed":true,"version":"8.6.1","resolution":"/mnt/c/Users/rferr/Documents/Projects/waw-webbook/functions/node_modules/firebase-admin/lib/index.js"}
[debug] [2019-10-21T01:57:50.967Z] [runtime-status] Resolved module firebase-functions {"declared":true,"installed":true,"version":"3.3.0","resolution":"/mnt/c/Users/rferr/Documents/Projects/waw-webbook/functions/node_modules/firebase-functions/lib/index.js"}
[debug] [2019-10-21T01:57:50.967Z] [runtime-status] Resolved module firebase-functions {"declared":true,"installed":true,"version":"3.3.0","resolution":"/mnt/c/Users/rferr/Documents/Projects/waw-webbook/functions/node_modules/firebase-functions/lib/index.js"}
[debug] [2019-10-21T01:57:51.207Z] [runtime-status] Trigger "charge" has been found, beginning invocation! {}
[debug] [2019-10-21T01:57:51.207Z] [runtime-status]  {"httpsTrigger":{},"name":"charge","entryPoint":"charge"}
[debug] [2019-10-21T01:57:51.207Z] [runtime-status] Running charge in mode HTTPS {}
[debug] [2019-10-21T01:57:51.217Z] {"socketPath":"/tmp/firebase_emulator_invocation_638.sock"}
[debug] [2019-10-21T01:57:51.218Z] [functions] Runtime ready! Sending request! {"socketPath":"/tmp/firebase_emulator_invocation_638.sock"}
[debug] [2019-10-21T01:57:51.240Z] [runtime-status] Ephemeral server used! {}
[info] >  charge request:  [object Object]
[debug] [2019-10-21T01:57:51.261Z] [runtime-status] Ephemeral server survived. {}
[info] >  app post:  { id: 'ch_1FVq9eHmFfxaQMN9nVhvQ3Sg',
[info] >    object: 'charge',
[info] >    amount: 500,
[info] >    amount_refunded: 0,
[info] >    application: null,
[info] >    application_fee: null,
[info] >    application_fee_amount: null,
[info] >    balance_transaction: 'txn_1FVq9fHmFfxaQMN9mOy1Nrmv',
[info] >    billing_details:
[info] >     { address:
[info] >        { city: 'RALEIGH',
[info] >          country: null,
[info] >          line1: '7312 FOX BLUFF COURT',
[info] >          line2: '',
[info] >          postal_code: '42424',
[info] >          state: 'NC' },
[info] >       email: null,
[info] >       name: 'Raymond Cameron Ferrell',
[info] >       phone: null },
[info] >    captured: true,
[info] >    created: 1571623074,
[info] >    currency: 'usd',
[info] >    customer: null,
[info] >    description: 'A test charge',
[info] >    destination: null,
[info] >    dispute: null,
[info] >    failure_code: null,
[info] >    failure_message: null,
[info] >    fraud_details: {},
[info] >    invoice: null,
[info] >    livemode: false,
[info] >    metadata: {},
[info] >    on_behalf_of: null,
[info] >    order: null,
[info] >    outcome:
[info] >     { network_status: 'approved_by_network',
[info] >       reason: null,
[info] >       risk_level: 'normal',
[info] >       risk_score: 36,
[info] >       seller_message: 'Payment complete.',
[info] >       type: 'authorized' },
[info] >    paid: true,
[info] >    payment_intent: null,
[info] >    payment_method: 'card_1FVq9bHmFfxaQMN98Nmgh1R4',
[info] >    payment_method_details:
[info] >     { card:
[info] >        { brand: 'visa',
[info] >          checks: [Object],
[info] >          country: 'US',
[info] >          exp_month: 4,
[info] >          exp_year: 2024,
[info] >          fingerprint: 'Dit7jOPnf4HLlJFN',
[info] >          funding: 'credit',
[info] >          installments: null,
[info] >          last4: '4242',
[info] >          network: 'visa',
[info] >          three_d_secure: null,
[info] >          wallet: null },
[info] >       type: 'card' },
[info] >    receipt_email: null,
[info] >    receipt_number: null,
[info] >    receipt_url:
[info] >     'https://pay.stripe.com/receipts/acct_1EI1muHmFfxaQMN9/ch_1FVq9eHmFfxaQMN9nVhvQ3Sg/rcpt_G1txYP8TurVcKAoVOIYyn21LMUgRfcL',
[info] >    refunded: false,
[info] >    refunds:
[info] >     { object: 'list',
[info] >       data: [],
[info] >       has_more: false,
[info] >       total_count: 0,
[info] >       url: '/v1/charges/ch_1FVq9eHmFfxaQMN9nVhvQ3Sg/refunds' },
[info] >    review: null,
[info] >    shipping: null,
[info] >    source:
[info] >     { id: 'card_1FVq9bHmFfxaQMN98Nmgh1R4',
[info] >       object: 'card',
[info] >       address_city: 'RALEIGH',
[info] >       address_country: null,
[info] >       address_line1: '7312 FOX BLUFF COURT',
[info] >       address_line1_check: 'pass',
[info] >       address_line2: '',
[info] >       address_state: 'NC',
[info] >       address_zip: '42424',
[info] >       address_zip_check: 'pass',
[info] >       brand: 'Visa',
[info] >       country: 'US',
[info] >       customer: null,
[info] >       cvc_check: 'pass',
[info] >       dynamic_last4: null,
[info] >       exp_month: 4,
[info] >       exp_year: 2024,
[info] >       fingerprint: 'Dit7jOPnf4HLlJFN',
[info] >       funding: 'credit',
[info] >       last4: '4242',
[info] >       metadata: {},
[info] >       name: 'Raymond Cameron Ferrell',
[info] >       tokenization_method: null },
[info] >    source_transfer: null,
[info] >    statement_descriptor: null,
[info] >    statement_descriptor_suffix: null,
[info] >    status: 'succeeded',
[info] >    transfer_data: null,
[info] >    transfer_group: null }
[info] i  functions: Finished "charge" in ~1s
[debug] [2019-10-21T02:05:19.505Z] Accepted request OPTIONS /waw-webbook/us-central1/charge --> charge
[debug] [2019-10-21T02:05:20.185Z] [runtime-status] Functions runtime initialized. {"cwd":"/mnt/c/Users/rferr/Documents/Projects/waw-webbook/functions","node_version":"11.12.0"}
[info] i  functions: Beginning execution of "charge"
[debug] [2019-10-21T02:05:20.187Z] [runtime-status] Disabled runtime features: {"functions_config_helper":true,"network_filtering":true,"timeout":true,"memory_limiting":true,"admin_stubs":true} {}
[debug] [2019-10-21T02:05:20.192Z] [runtime-status] Resolved module firebase-admin {"declared":true,"installed":true,"version":"8.6.1","resolution":"/mnt/c/Users/rferr/Documents/Projects/waw-webbook/functions/node_modules/firebase-admin/lib/index.js"}
[debug] [2019-10-21T02:05:20.194Z] [runtime-status] Resolved module firebase-functions {"declared":true,"installed":true,"version":"3.3.0","resolution":"/mnt/c/Users/rferr/Documents/Projects/waw-webbook/functions/node_modules/firebase-functions/lib/index.js"}
[debug] [2019-10-21T02:05:20.195Z] [runtime-status] Resolved module firebase-functions {"declared":true,"installed":true,"version":"3.3.0","resolution":"/mnt/c/Users/rferr/Documents/Projects/waw-webbook/functions/node_modules/firebase-functions/lib/index.js"}
[debug] [2019-10-21T02:05:20.446Z] [runtime-status] Trigger "charge" has been found, beginning invocation! {}
[debug] [2019-10-21T02:05:20.446Z] [runtime-status]  {"httpsTrigger":{},"name":"charge","entryPoint":"charge"}
[debug] [2019-10-21T02:05:20.446Z] [runtime-status] Running charge in mode HTTPS {}
[debug] [2019-10-21T02:05:20.454Z] {"socketPath":"/tmp/firebase_emulator_invocation_651.sock"}
[debug] [2019-10-21T02:05:20.455Z] [functions] Runtime ready! Sending request! {"socketPath":"/tmp/firebase_emulator_invocation_651.sock"}
[debug] [2019-10-21T02:05:20.462Z] [runtime-status] Ephemeral server used! {}
[debug] [2019-10-21T02:05:20.472Z] Accepted request POST /waw-webbook/us-central1/charge --> charge
[debug] [2019-10-21T02:05:20.486Z] [runtime-status] Ephemeral server survived. {}
[info] i  functions: Finished "charge" in ~1s
[debug] [2019-10-21T02:05:21.108Z] [runtime-status] Functions runtime initialized. {"cwd":"/mnt/c/Users/rferr/Documents/Projects/waw-webbook/functions","node_version":"11.12.0"}
[info] i  functions: Beginning execution of "charge"
[debug] [2019-10-21T02:05:21.110Z] [runtime-status] Disabled runtime features: {"functions_config_helper":true,"network_filtering":true,"timeout":true,"memory_limiting":true,"admin_stubs":true} {}
[debug] [2019-10-21T02:05:21.115Z] [runtime-status] Resolved module firebase-admin {"declared":true,"installed":true,"version":"8.6.1","resolution":"/mnt/c/Users/rferr/Documents/Projects/waw-webbook/functions/node_modules/firebase-admin/lib/index.js"}
[debug] [2019-10-21T02:05:21.117Z] [runtime-status] Resolved module firebase-functions {"declared":true,"installed":true,"version":"3.3.0","resolution":"/mnt/c/Users/rferr/Documents/Projects/waw-webbook/functions/node_modules/firebase-functions/lib/index.js"}
[debug] [2019-10-21T02:05:21.118Z] [runtime-status] Resolved module firebase-functions {"declared":true,"installed":true,"version":"3.3.0","resolution":"/mnt/c/Users/rferr/Documents/Projects/waw-webbook/functions/node_modules/firebase-functions/lib/index.js"}
[debug] [2019-10-21T02:05:21.364Z] [runtime-status] Trigger "charge" has been found, beginning invocation! {}
[debug] [2019-10-21T02:05:21.364Z] [runtime-status]  {"httpsTrigger":{},"name":"charge","entryPoint":"charge"}
[debug] [2019-10-21T02:05:21.365Z] [runtime-status] Running charge in mode HTTPS {}
[debug] [2019-10-21T02:05:21.372Z] {"socketPath":"/tmp/firebase_emulator_invocation_658.sock"}
[debug] [2019-10-21T02:05:21.373Z] [functions] Runtime ready! Sending request! {"socketPath":"/tmp/firebase_emulator_invocation_658.sock"}
[debug] [2019-10-21T02:05:21.393Z] [runtime-status] Ephemeral server used! {}
[info] >  charge request:  [object Object]
[debug] [2019-10-21T02:05:21.417Z] [runtime-status] Ephemeral server survived. {}
[info] >  app post:  { id: 'ch_1FVqGuHmFfxaQMN9yynRH2dx',
[info] >    object: 'charge',
[info] >    amount: 500,
[info] >    amount_refunded: 0,
[info] >    application: null,
[info] >    application_fee: null,
[info] >    application_fee_amount: null,
[info] >    balance_transaction: 'txn_1FVqGvHmFfxaQMN9UHUvQaZg',
[info] >    billing_details:
[info] >     { address:
[info] >        { city: 'RALEIGH',
[info] >          country: null,
[info] >          line1: '7312 FOX BLUFF COURT',
[info] >          line2: '',
[info] >          postal_code: '42424',
[info] >          state: 'NC' },
[info] >       email: null,
[info] >       name: 'Raymond Cameron Ferrell',
[info] >       phone: null },
[info] >    captured: true,
[info] >    created: 1571623524,
[info] >    currency: 'usd',
[info] >    customer: null,
[info] >    description: 'A test charge',
[info] >    destination: null,
[info] >    dispute: null,
[info] >    failure_code: null,
[info] >    failure_message: null,
[info] >    fraud_details: {},
[info] >    invoice: null,
[info] >    livemode: false,
[info] >    metadata: {},
[info] >    on_behalf_of: null,
[info] >    order: null,
[info] >    outcome:
[info] >     { network_status: 'approved_by_network',
[info] >       reason: null,
[info] >       risk_level: 'normal',
[info] >       risk_score: 46,
[info] >       seller_message: 'Payment complete.',
[info] >       type: 'authorized' },
[info] >    paid: true,
[info] >    payment_intent: null,
[info] >    payment_method: 'card_1FVqGsHmFfxaQMN9l5Rdkkyj',
[info] >    payment_method_details:
[info] >     { card:
[info] >        { brand: 'visa',
[info] >          checks: [Object],
[info] >          country: 'US',
[info] >          exp_month: 4,
[info] >          exp_year: 2024,
[info] >          fingerprint: 'Dit7jOPnf4HLlJFN',
[info] >          funding: 'credit',
[info] >          installments: null,
[info] >          last4: '4242',
[info] >          network: 'visa',
[info] >          three_d_secure: null,
[info] >          wallet: null },
[info] >       type: 'card' },
[info] >    receipt_email: null,
[info] >    receipt_number: null,
[info] >    receipt_url:
[info] >     'https://pay.stripe.com/receipts/acct_1EI1muHmFfxaQMN9/ch_1FVqGuHmFfxaQMN9yynRH2dx/rcpt_G1u5XNhyegRCJITqPoUSSrl1XtSGuGU',
[info] >    refunded: false,
[info] >    refunds:
[info] >     { object: 'list',
[info] >       data: [],
[info] >       has_more: false,
[info] >       total_count: 0,
[info] >       url: '/v1/charges/ch_1FVqGuHmFfxaQMN9yynRH2dx/refunds' },
[info] >    review: null,
[info] >    shipping: null,
[info] >    source:
[info] >     { id: 'card_1FVqGsHmFfxaQMN9l5Rdkkyj',
[info] >       object: 'card',
[info] >       address_city: 'RALEIGH',
[info] >       address_country: null,
[info] >       address_line1: '7312 FOX BLUFF COURT',
[info] >       address_line1_check: 'pass',
[info] >       address_line2: '',
[info] >       address_state: 'NC',
[info] >       address_zip: '42424',
[info] >       address_zip_check: 'pass',
[info] >       brand: 'Visa',
[info] >       country: 'US',
[info] >       customer: null,
[info] >       cvc_check: 'pass',
[info] >       dynamic_last4: null,
[info] >       exp_month: 4,
[info] >       exp_year: 2024,
[info] >       fingerprint: 'Dit7jOPnf4HLlJFN',
[info] >       funding: 'credit',
[info] >       last4: '4242',
[info] >       metadata: {},
[info] >       name: 'Raymond Cameron Ferrell',
[info] >       tokenization_method: null },
[info] >    source_transfer: null,
[info] >    statement_descriptor: null,
[info] >    statement_descriptor_suffix: null,
[info] >    status: 'succeeded',
[info] >    transfer_data: null,
[info] >    transfer_group: null }
[info] i  functions: Finished "charge" in ~1s
[debug] [2019-10-21T04:33:11.108Z] File /mnt/c/Users/rferr/Documents/Projects/waw-webbook/functions/index.js changed, reloading triggers
[debug] [2019-10-21T04:33:12.920Z] [runtime-status] Functions runtime initialized. {"cwd":"/mnt/c/Users/rferr/Documents/Projects/waw-webbook/functions","node_version":"11.12.0"}
[debug] [2019-10-21T04:33:12.921Z] [runtime-status] Disabled runtime features: {"functions_config_helper":true,"network_filtering":true,"timeout":true,"memory_limiting":true,"admin_stubs":true} {}
[debug] [2019-10-21T04:33:12.927Z] [runtime-status] Resolved module firebase-admin {"declared":true,"installed":true,"version":"8.6.1","resolution":"/mnt/c/Users/rferr/Documents/Projects/waw-webbook/functions/node_modules/firebase-admin/lib/index.js"}
[debug] [2019-10-21T04:33:12.929Z] [runtime-status] Resolved module firebase-functions {"declared":true,"installed":true,"version":"3.3.0","resolution":"/mnt/c/Users/rferr/Documents/Projects/waw-webbook/functions/node_modules/firebase-functions/lib/index.js"}
[debug] [2019-10-21T04:33:12.931Z] [runtime-status] Resolved module firebase-functions {"declared":true,"installed":true,"version":"3.3.0","resolution":"/mnt/c/Users/rferr/Documents/Projects/waw-webbook/functions/node_modules/firebase-functions/lib/index.js"}
[debug] [2019-10-21T04:35:04.042Z] File /mnt/c/Users/rferr/Documents/Projects/waw-webbook/functions/index.js changed, reloading triggers
[debug] [2019-10-21T04:35:05.865Z] [runtime-status] Functions runtime initialized. {"cwd":"/mnt/c/Users/rferr/Documents/Projects/waw-webbook/functions","node_version":"11.12.0"}
[debug] [2019-10-21T04:35:05.866Z] [runtime-status] Disabled runtime features: {"functions_config_helper":true,"network_filtering":true,"timeout":true,"memory_limiting":true,"admin_stubs":true} {}
[debug] [2019-10-21T04:35:05.872Z] [runtime-status] Resolved module firebase-admin {"declared":true,"installed":true,"version":"8.6.1","resolution":"/mnt/c/Users/rferr/Documents/Projects/waw-webbook/functions/node_modules/firebase-admin/lib/index.js"}
[debug] [2019-10-21T04:35:05.874Z] [runtime-status] Resolved module firebase-functions {"declared":true,"installed":true,"version":"3.3.0","resolution":"/mnt/c/Users/rferr/Documents/Projects/waw-webbook/functions/node_modules/firebase-functions/lib/index.js"}
[debug] [2019-10-21T04:35:05.875Z] [runtime-status] Resolved module firebase-functions {"declared":true,"installed":true,"version":"3.3.0","resolution":"/mnt/c/Users/rferr/Documents/Projects/waw-webbook/functions/node_modules/firebase-functions/lib/index.js"}
[warn] ⚠  TypeError: Cannot read property 'token' of undefined
    at Object.<anonymous> (/mnt/c/Users/rferr/Documents/Projects/waw-webbook/functions/index.js:8:59)
    at Module._compile (internal/modules/cjs/loader.js:799:30)
    at Object.Module._extensions..js (internal/modules/cjs/loader.js:810:10)
    at Module.load (internal/modules/cjs/loader.js:666:32)
    at tryModuleLoad (internal/modules/cjs/loader.js:606:12)
    at Function.Module._load (internal/modules/cjs/loader.js:598:3)
    at Module.require (internal/modules/cjs/loader.js:705:19)
    at require (internal/modules/cjs/helpers.js:14:16)
    at /usr/local/lib/node_modules/firebase-tools/lib/emulator/functionsEmulatorRuntime.js:677:33
    at Generator.next (<anonymous>)
[warn] ⚠  We were unable to load your functions code. (see above)
